  LogicalGame.cpp
  Piece.cpp
  TetrisACPP.cpp
  TextHelper.cpp
  Generando código...
allegro_monolith-static.lib(allegro.obj) : warning LNK4099: no se encontró PDB 'allegro_monolith.pdb' con 'allegro_monolith-static.lib(allegro.obj)' o en 'D:\Proyectos\TetrisAllegroCpp\Tetris AC++\TetrisACPP\Debug\allegro_monolith.pdb'; se vinculará el objeto sin tener en cuenta información de depuración
allegro_monolith-static.lib(bitmap.obj) : warning LNK4099: no se encontró PDB 'allegro_monolith.pdb' con 'allegro_monolith-static.lib(bitmap.obj)' o en 'D:\Proyectos\TetrisAllegroCpp\Tetris AC++\TetrisACPP\Debug\allegro_monolith.pdb'; se vinculará el objeto sin tener en cuenta información de depuración
allegro_monolith-static.lib(bitmap_draw.obj) : warning LNK4099: no se encontró PDB 'allegro_monolith.pdb' con 'allegro_monolith-static.lib(bitmap_draw.obj)' o en 'D:\Proyectos\TetrisAllegroCpp\Tetris AC++\TetrisACPP\Debug\allegro_monolith.pdb'; se vinculará el objeto sin tener en cuenta información de depuración
allegro_monolith-static.lib(bitmap_io.obj) : warning LNK4099: no se encontró PDB 'allegro_monolith.pdb' con 'allegro_monolith-static.lib(bitmap_io.obj)' o en 'D:\Proyectos\TetrisAllegroCpp\Tetris AC++\TetrisACPP\Debug\allegro_monolith.pdb'; se vinculará el objeto sin tener en cuenta información de depuración
allegro_monolith-static.lib(bitmap_lock.obj) : warning LNK4099: no se encontró PDB 'allegro_monolith.pdb' con 'allegro_monolith-static.lib(bitmap_lock.obj)' o en 'D:\Proyectos\TetrisAllegroCpp\Tetris AC++\TetrisACPP\Debug\allegro_monolith.pdb'; se vinculará el objeto sin tener en cuenta información de depuración
allegro_monolith-static.lib(bitmap_pixel.obj) : warning LNK4099: no se encontró PDB 'allegro_monolith.pdb' con 'allegro_monolith-static.lib(bitmap_pixel.obj)' o en 'D:\Proyectos\TetrisAllegroCpp\Tetris AC++\TetrisACPP\Debug\allegro_monolith.pdb'; se vinculará el objeto sin tener en cuenta información de depuración
allegro_monolith-static.lib(bitmap_type.obj) : warning LNK4099: no se encontró PDB 'allegro_monolith.pdb' con 'allegro_monolith-static.lib(bitmap_type.obj)' o en 'D:\Proyectos\TetrisAllegroCpp\Tetris AC++\TetrisACPP\Debug\allegro_monolith.pdb'; se vinculará el objeto sin tener en cuenta información de depuración
allegro_monolith-static.lib(blenders.obj) : warning LNK4099: no se encontró PDB 'allegro_monolith.pdb' con 'allegro_monolith-static.lib(blenders.obj)' o en 'D:\Proyectos\TetrisAllegroCpp\Tetris AC++\TetrisACPP\Debug\allegro_monolith.pdb'; se vinculará el objeto sin tener en cuenta información de depuración
allegro_monolith-static.lib(config.obj) : warning LNK4099: no se encontró PDB 'allegro_monolith.pdb' con 'allegro_monolith-static.lib(config.obj)' o en 'D:\Proyectos\TetrisAllegroCpp\Tetris AC++\TetrisACPP\Debug\allegro_monolith.pdb'; se vinculará el objeto sin tener en cuenta información de depuración
allegro_monolith-static.lib(convert.obj) : warning LNK4099: no se encontró PDB 'allegro_monolith.pdb' con 'allegro_monolith-static.lib(convert.obj)' o en 'D:\Proyectos\TetrisAllegroCpp\Tetris AC++\TetrisACPP\Debug\allegro_monolith.pdb'; se vinculará el objeto sin tener en cuenta información de depuración
allegro_monolith-static.lib(debug.obj) : warning LNK4099: no se encontró PDB 'allegro_monolith.pdb' con 'allegro_monolith-static.lib(debug.obj)' o en 'D:\Proyectos\TetrisAllegroCpp\Tetris AC++\TetrisACPP\Debug\allegro_monolith.pdb'; se vinculará el objeto sin tener en cuenta información de depuración
allegro_monolith-static.lib(display.obj) : warning LNK4099: no se encontró PDB 'allegro_monolith.pdb' con 'allegro_monolith-static.lib(display.obj)' o en 'D:\Proyectos\TetrisAllegroCpp\Tetris AC++\TetrisACPP\Debug\allegro_monolith.pdb'; se vinculará el objeto sin tener en cuenta información de depuración
allegro_monolith-static.lib(display_settings.obj) : warning LNK4099: no se encontró PDB 'allegro_monolith.pdb' con 'allegro_monolith-static.lib(display_settings.obj)' o en 'D:\Proyectos\TetrisAllegroCpp\Tetris AC++\TetrisACPP\Debug\allegro_monolith.pdb'; se vinculará el objeto sin tener en cuenta información de depuración
allegro_monolith-static.lib(drawing.obj) : warning LNK4099: no se encontró PDB 'allegro_monolith.pdb' con 'allegro_monolith-static.lib(drawing.obj)' o en 'D:\Proyectos\TetrisAllegroCpp\Tetris AC++\TetrisACPP\Debug\allegro_monolith.pdb'; se vinculará el objeto sin tener en cuenta información de depuración
allegro_monolith-static.lib(dtor.obj) : warning LNK4099: no se encontró PDB 'allegro_monolith.pdb' con 'allegro_monolith-static.lib(dtor.obj)' o en 'D:\Proyectos\TetrisAllegroCpp\Tetris AC++\TetrisACPP\Debug\allegro_monolith.pdb'; se vinculará el objeto sin tener en cuenta información de depuración
allegro_monolith-static.lib(events.obj) : warning LNK4099: no se encontró PDB 'allegro_monolith.pdb' con 'allegro_monolith-static.lib(events.obj)' o en 'D:\Proyectos\TetrisAllegroCpp\Tetris AC++\TetrisACPP\Debug\allegro_monolith.pdb'; se vinculará el objeto sin tener en cuenta información de depuración
allegro_monolith-static.lib(evtsrc.obj) : warning LNK4099: no se encontró PDB 'allegro_monolith.pdb' con 'allegro_monolith-static.lib(evtsrc.obj)' o en 'D:\Proyectos\TetrisAllegroCpp\Tetris AC++\TetrisACPP\Debug\allegro_monolith.pdb'; se vinculará el objeto sin tener en cuenta información de depuración
allegro_monolith-static.lib(exitfunc.obj) : warning LNK4099: no se encontró PDB 'allegro_monolith.pdb' con 'allegro_monolith-static.lib(exitfunc.obj)' o en 'D:\Proyectos\TetrisAllegroCpp\Tetris AC++\TetrisACPP\Debug\allegro_monolith.pdb'; se vinculará el objeto sin tener en cuenta información de depuración
allegro_monolith-static.lib(file.obj) : warning LNK4099: no se encontró PDB 'allegro_monolith.pdb' con 'allegro_monolith-static.lib(file.obj)' o en 'D:\Proyectos\TetrisAllegroCpp\Tetris AC++\TetrisACPP\Debug\allegro_monolith.pdb'; se vinculará el objeto sin tener en cuenta información de depuración
allegro_monolith-static.lib(file_stdio.obj) : warning LNK4099: no se encontró PDB 'allegro_monolith.pdb' con 'allegro_monolith-static.lib(file_stdio.obj)' o en 'D:\Proyectos\TetrisAllegroCpp\Tetris AC++\TetrisACPP\Debug\allegro_monolith.pdb'; se vinculará el objeto sin tener en cuenta información de depuración
allegro_monolith-static.lib(fshook.obj) : warning LNK4099: no se encontró PDB 'allegro_monolith.pdb' con 'allegro_monolith-static.lib(fshook.obj)' o en 'D:\Proyectos\TetrisAllegroCpp\Tetris AC++\TetrisACPP\Debug\allegro_monolith.pdb'; se vinculará el objeto sin tener en cuenta información de depuración
allegro_monolith-static.lib(fshook_stdio.obj) : warning LNK4099: no se encontró PDB 'allegro_monolith.pdb' con 'allegro_monolith-static.lib(fshook_stdio.obj)' o en 'D:\Proyectos\TetrisAllegroCpp\Tetris AC++\TetrisACPP\Debug\allegro_monolith.pdb'; se vinculará el objeto sin tener en cuenta información de depuración
allegro_monolith-static.lib(fullscreen_mode.obj) : warning LNK4099: no se encontró PDB 'allegro_monolith.pdb' con 'allegro_monolith-static.lib(fullscreen_mode.obj)' o en 'D:\Proyectos\TetrisAllegroCpp\Tetris AC++\TetrisACPP\Debug\allegro_monolith.pdb'; se vinculará el objeto sin tener en cuenta información de depuración
allegro_monolith-static.lib(haptic.obj) : warning LNK4099: no se encontró PDB 'allegro_monolith.pdb' con 'allegro_monolith-static.lib(haptic.obj)' o en 'D:\Proyectos\TetrisAllegroCpp\Tetris AC++\TetrisACPP\Debug\allegro_monolith.pdb'; se vinculará el objeto sin tener en cuenta información de depuración
allegro_monolith-static.lib(joynu.obj) : warning LNK4099: no se encontró PDB 'allegro_monolith.pdb' con 'allegro_monolith-static.lib(joynu.obj)' o en 'D:\Proyectos\TetrisAllegroCpp\Tetris AC++\TetrisACPP\Debug\allegro_monolith.pdb'; se vinculará el objeto sin tener en cuenta información de depuración
allegro_monolith-static.lib(keybdnu.obj) : warning LNK4099: no se encontró PDB 'allegro_monolith.pdb' con 'allegro_monolith-static.lib(keybdnu.obj)' o en 'D:\Proyectos\TetrisAllegroCpp\Tetris AC++\TetrisACPP\Debug\allegro_monolith.pdb'; se vinculará el objeto sin tener en cuenta información de depuración
allegro_monolith-static.lib(libc.obj) : warning LNK4099: no se encontró PDB 'allegro_monolith.pdb' con 'allegro_monolith-static.lib(libc.obj)' o en 'D:\Proyectos\TetrisAllegroCpp\Tetris AC++\TetrisACPP\Debug\allegro_monolith.pdb'; se vinculará el objeto sin tener en cuenta información de depuración
allegro_monolith-static.lib(memblit.obj) : warning LNK4099: no se encontró PDB 'allegro_monolith.pdb' con 'allegro_monolith-static.lib(memblit.obj)' o en 'D:\Proyectos\TetrisAllegroCpp\Tetris AC++\TetrisACPP\Debug\allegro_monolith.pdb'; se vinculará el objeto sin tener en cuenta información de depuración
allegro_monolith-static.lib(memdraw.obj) : warning LNK4099: no se encontró PDB 'allegro_monolith.pdb' con 'allegro_monolith-static.lib(memdraw.obj)' o en 'D:\Proyectos\TetrisAllegroCpp\Tetris AC++\TetrisACPP\Debug\allegro_monolith.pdb'; se vinculará el objeto sin tener en cuenta información de depuración
allegro_monolith-static.lib(memory.obj) : warning LNK4099: no se encontró PDB 'allegro_monolith.pdb' con 'allegro_monolith-static.lib(memory.obj)' o en 'D:\Proyectos\TetrisAllegroCpp\Tetris AC++\TetrisACPP\Debug\allegro_monolith.pdb'; se vinculará el objeto sin tener en cuenta información de depuración
allegro_monolith-static.lib(monitor.obj) : warning LNK4099: no se encontró PDB 'allegro_monolith.pdb' con 'allegro_monolith-static.lib(monitor.obj)' o en 'D:\Proyectos\TetrisAllegroCpp\Tetris AC++\TetrisACPP\Debug\allegro_monolith.pdb'; se vinculará el objeto sin tener en cuenta información de depuración
allegro_monolith-static.lib(mousenu.obj) : warning LNK4099: no se encontró PDB 'allegro_monolith.pdb' con 'allegro_monolith-static.lib(mousenu.obj)' o en 'D:\Proyectos\TetrisAllegroCpp\Tetris AC++\TetrisACPP\Debug\allegro_monolith.pdb'; se vinculará el objeto sin tener en cuenta información de depuración
allegro_monolith-static.lib(path.obj) : warning LNK4099: no se encontró PDB 'allegro_monolith.pdb' con 'allegro_monolith-static.lib(path.obj)' o en 'D:\Proyectos\TetrisAllegroCpp\Tetris AC++\TetrisACPP\Debug\allegro_monolith.pdb'; se vinculará el objeto sin tener en cuenta información de depuración
allegro_monolith-static.lib(pixels.obj) : warning LNK4099: no se encontró PDB 'allegro_monolith.pdb' con 'allegro_monolith-static.lib(pixels.obj)' o en 'D:\Proyectos\TetrisAllegroCpp\Tetris AC++\TetrisACPP\Debug\allegro_monolith.pdb'; se vinculará el objeto sin tener en cuenta información de depuración
allegro_monolith-static.lib(shader.obj) : warning LNK4099: no se encontró PDB '' con 'allegro_monolith-static.lib(shader.obj)' o en ''; se vinculará el objeto sin tener en cuenta información de depuración
allegro_monolith-static.lib(system.obj) : warning LNK4099: no se encontró PDB '' con 'allegro_monolith-static.lib(system.obj)' o en ''; se vinculará el objeto sin tener en cuenta información de depuración
allegro_monolith-static.lib(threads.obj) : warning LNK4099: no se encontró PDB 'allegro_monolith.pdb' con 'allegro_monolith-static.lib(threads.obj)' o en 'D:\Proyectos\TetrisAllegroCpp\Tetris AC++\TetrisACPP\Debug\allegro_monolith.pdb'; se vinculará el objeto sin tener en cuenta información de depuración
allegro_monolith-static.lib(timernu.obj) : warning LNK4099: no se encontró PDB 'allegro_monolith.pdb' con 'allegro_monolith-static.lib(timernu.obj)' o en 'D:\Proyectos\TetrisAllegroCpp\Tetris AC++\TetrisACPP\Debug\allegro_monolith.pdb'; se vinculará el objeto sin tener en cuenta información de depuración
allegro_monolith-static.lib(tls.obj) : warning LNK4099: no se encontró PDB 'allegro_monolith.pdb' con 'allegro_monolith-static.lib(tls.obj)' o en 'D:\Proyectos\TetrisAllegroCpp\Tetris AC++\TetrisACPP\Debug\allegro_monolith.pdb'; se vinculará el objeto sin tener en cuenta información de depuración
allegro_monolith-static.lib(touch_input.obj) : warning LNK4099: no se encontró PDB 'allegro_monolith.pdb' con 'allegro_monolith-static.lib(touch_input.obj)' o en 'D:\Proyectos\TetrisAllegroCpp\Tetris AC++\TetrisACPP\Debug\allegro_monolith.pdb'; se vinculará el objeto sin tener en cuenta información de depuración
allegro_monolith-static.lib(transformations.obj) : warning LNK4099: no se encontró PDB 'allegro_monolith.pdb' con 'allegro_monolith-static.lib(transformations.obj)' o en 'D:\Proyectos\TetrisAllegroCpp\Tetris AC++\TetrisACPP\Debug\allegro_monolith.pdb'; se vinculará el objeto sin tener en cuenta información de depuración
allegro_monolith-static.lib(tri_soft.obj) : warning LNK4099: no se encontró PDB 'allegro_monolith.pdb' con 'allegro_monolith-static.lib(tri_soft.obj)' o en 'D:\Proyectos\TetrisAllegroCpp\Tetris AC++\TetrisACPP\Debug\allegro_monolith.pdb'; se vinculará el objeto sin tener en cuenta información de depuración
allegro_monolith-static.lib(utf8.obj) : warning LNK4099: no se encontró PDB 'allegro_monolith.pdb' con 'allegro_monolith-static.lib(utf8.obj)' o en 'D:\Proyectos\TetrisAllegroCpp\Tetris AC++\TetrisACPP\Debug\allegro_monolith.pdb'; se vinculará el objeto sin tener en cuenta información de depuración
allegro_monolith-static.lib(aatree.obj) : warning LNK4099: no se encontró PDB 'allegro_monolith.pdb' con 'allegro_monolith-static.lib(aatree.obj)' o en 'D:\Proyectos\TetrisAllegroCpp\Tetris AC++\TetrisACPP\Debug\allegro_monolith.pdb'; se vinculará el objeto sin tener en cuenta información de depuración
allegro_monolith-static.lib(bstrlib.obj) : warning LNK4099: no se encontró PDB 'allegro_monolith.pdb' con 'allegro_monolith-static.lib(bstrlib.obj)' o en 'D:\Proyectos\TetrisAllegroCpp\Tetris AC++\TetrisACPP\Debug\allegro_monolith.pdb'; se vinculará el objeto sin tener en cuenta información de depuración
allegro_monolith-static.lib(list.obj) : warning LNK4099: no se encontró PDB 'allegro_monolith.pdb' con 'allegro_monolith-static.lib(list.obj)' o en 'D:\Proyectos\TetrisAllegroCpp\Tetris AC++\TetrisACPP\Debug\allegro_monolith.pdb'; se vinculará el objeto sin tener en cuenta información de depuración
allegro_monolith-static.lib(vector.obj) : warning LNK4099: no se encontró PDB 'allegro_monolith.pdb' con 'allegro_monolith-static.lib(vector.obj)' o en 'D:\Proyectos\TetrisAllegroCpp\Tetris AC++\TetrisACPP\Debug\allegro_monolith.pdb'; se vinculará el objeto sin tener en cuenta información de depuración
allegro_monolith-static.lib(wclipboard.obj) : warning LNK4099: no se encontró PDB 'allegro_monolith.pdb' con 'allegro_monolith-static.lib(wclipboard.obj)' o en 'D:\Proyectos\TetrisAllegroCpp\Tetris AC++\TetrisACPP\Debug\allegro_monolith.pdb'; se vinculará el objeto sin tener en cuenta información de depuración
allegro_monolith-static.lib(whapall.obj) : warning LNK4099: no se encontró PDB 'allegro_monolith.pdb' con 'allegro_monolith-static.lib(whapall.obj)' o en 'D:\Proyectos\TetrisAllegroCpp\Tetris AC++\TetrisACPP\Debug\allegro_monolith.pdb'; se vinculará el objeto sin tener en cuenta información de depuración
allegro_monolith-static.lib(whaptic.obj) : warning LNK4099: no se encontró PDB 'allegro_monolith.pdb' con 'allegro_monolith-static.lib(whaptic.obj)' o en 'D:\Proyectos\TetrisAllegroCpp\Tetris AC++\TetrisACPP\Debug\allegro_monolith.pdb'; se vinculará el objeto sin tener en cuenta información de depuración
allegro_monolith-static.lib(whapxi.obj) : warning LNK4099: no se encontró PDB 'allegro_monolith.pdb' con 'allegro_monolith-static.lib(whapxi.obj)' o en 'D:\Proyectos\TetrisAllegroCpp\Tetris AC++\TetrisACPP\Debug\allegro_monolith.pdb'; se vinculará el objeto sin tener en cuenta información de depuración
allegro_monolith-static.lib(wjoyall.obj) : warning LNK4099: no se encontró PDB 'allegro_monolith.pdb' con 'allegro_monolith-static.lib(wjoyall.obj)' o en 'D:\Proyectos\TetrisAllegroCpp\Tetris AC++\TetrisACPP\Debug\allegro_monolith.pdb'; se vinculará el objeto sin tener en cuenta información de depuración
allegro_monolith-static.lib(wjoydxnu.obj) : warning LNK4099: no se encontró PDB 'allegro_monolith.pdb' con 'allegro_monolith-static.lib(wjoydxnu.obj)' o en 'D:\Proyectos\TetrisAllegroCpp\Tetris AC++\TetrisACPP\Debug\allegro_monolith.pdb'; se vinculará el objeto sin tener en cuenta información de depuración
allegro_monolith-static.lib(wjoyxi.obj) : warning LNK4099: no se encontró PDB 'allegro_monolith.pdb' con 'allegro_monolith-static.lib(wjoyxi.obj)' o en 'D:\Proyectos\TetrisAllegroCpp\Tetris AC++\TetrisACPP\Debug\allegro_monolith.pdb'; se vinculará el objeto sin tener en cuenta información de depuración
allegro_monolith-static.lib(wkeyboard.obj) : warning LNK4099: no se encontró PDB 'allegro_monolith.pdb' con 'allegro_monolith-static.lib(wkeyboard.obj)' o en 'D:\Proyectos\TetrisAllegroCpp\Tetris AC++\TetrisACPP\Debug\allegro_monolith.pdb'; se vinculará el objeto sin tener en cuenta información de depuración
allegro_monolith-static.lib(wmcursor.obj) : warning LNK4099: no se encontró PDB 'allegro_monolith.pdb' con 'allegro_monolith-static.lib(wmcursor.obj)' o en 'D:\Proyectos\TetrisAllegroCpp\Tetris AC++\TetrisACPP\Debug\allegro_monolith.pdb'; se vinculará el objeto sin tener en cuenta información de depuración
allegro_monolith-static.lib(wmouse.obj) : warning LNK4099: no se encontró PDB 'allegro_monolith.pdb' con 'allegro_monolith-static.lib(wmouse.obj)' o en 'D:\Proyectos\TetrisAllegroCpp\Tetris AC++\TetrisACPP\Debug\allegro_monolith.pdb'; se vinculará el objeto sin tener en cuenta información de depuración
allegro_monolith-static.lib(wsystem.obj) : warning LNK4099: no se encontró PDB 'allegro_monolith.pdb' con 'allegro_monolith-static.lib(wsystem.obj)' o en 'D:\Proyectos\TetrisAllegroCpp\Tetris AC++\TetrisACPP\Debug\allegro_monolith.pdb'; se vinculará el objeto sin tener en cuenta información de depuración
allegro_monolith-static.lib(wthread.obj) : warning LNK4099: no se encontró PDB 'allegro_monolith.pdb' con 'allegro_monolith-static.lib(wthread.obj)' o en 'D:\Proyectos\TetrisAllegroCpp\Tetris AC++\TetrisACPP\Debug\allegro_monolith.pdb'; se vinculará el objeto sin tener en cuenta información de depuración
allegro_monolith-static.lib(wtime.obj) : warning LNK4099: no se encontró PDB 'allegro_monolith.pdb' con 'allegro_monolith-static.lib(wtime.obj)' o en 'D:\Proyectos\TetrisAllegroCpp\Tetris AC++\TetrisACPP\Debug\allegro_monolith.pdb'; se vinculará el objeto sin tener en cuenta información de depuración
allegro_monolith-static.lib(wtouch_input.obj) : warning LNK4099: no se encontró PDB 'allegro_monolith.pdb' con 'allegro_monolith-static.lib(wtouch_input.obj)' o en 'D:\Proyectos\TetrisAllegroCpp\Tetris AC++\TetrisACPP\Debug\allegro_monolith.pdb'; se vinculará el objeto sin tener en cuenta información de depuración
allegro_monolith-static.lib(wunicode.obj) : warning LNK4099: no se encontró PDB 'allegro_monolith.pdb' con 'allegro_monolith-static.lib(wunicode.obj)' o en 'D:\Proyectos\TetrisAllegroCpp\Tetris AC++\TetrisACPP\Debug\allegro_monolith.pdb'; se vinculará el objeto sin tener en cuenta información de depuración
allegro_monolith-static.lib(wwindow.obj) : warning LNK4099: no se encontró PDB 'allegro_monolith.pdb' con 'allegro_monolith-static.lib(wwindow.obj)' o en 'D:\Proyectos\TetrisAllegroCpp\Tetris AC++\TetrisACPP\Debug\allegro_monolith.pdb'; se vinculará el objeto sin tener en cuenta información de depuración
allegro_monolith-static.lib(wxthread.obj) : warning LNK4099: no se encontró PDB 'allegro_monolith.pdb' con 'allegro_monolith-static.lib(wxthread.obj)' o en 'D:\Proyectos\TetrisAllegroCpp\Tetris AC++\TetrisACPP\Debug\allegro_monolith.pdb'; se vinculará el objeto sin tener en cuenta información de depuración
allegro_monolith-static.lib(d3d_bmp.obj) : warning LNK4099: no se encontró PDB 'allegro_monolith.pdb' con 'allegro_monolith-static.lib(d3d_bmp.obj)' o en 'D:\Proyectos\TetrisAllegroCpp\Tetris AC++\TetrisACPP\Debug\allegro_monolith.pdb'; se vinculará el objeto sin tener en cuenta información de depuración
allegro_monolith-static.lib(d3d_disp.obj) : warning LNK4099: no se encontró PDB 'allegro_monolith.pdb' con 'allegro_monolith-static.lib(d3d_disp.obj)' o en 'D:\Proyectos\TetrisAllegroCpp\Tetris AC++\TetrisACPP\Debug\allegro_monolith.pdb'; se vinculará el objeto sin tener en cuenta información de depuración
allegro_monolith-static.lib(d3d_display_formats.obj) : warning LNK4099: no se encontró PDB 'allegro_monolith.pdb' con 'allegro_monolith-static.lib(d3d_display_formats.obj)' o en 'D:\Proyectos\TetrisAllegroCpp\Tetris AC++\TetrisACPP\Debug\allegro_monolith.pdb'; se vinculará el objeto sin tener en cuenta información de depuración
allegro_monolith-static.lib(d3d_render_state.obj) : warning LNK4099: no se encontró PDB 'allegro_monolith.pdb' con 'allegro_monolith-static.lib(d3d_render_state.obj)' o en 'D:\Proyectos\TetrisAllegroCpp\Tetris AC++\TetrisACPP\Debug\allegro_monolith.pdb'; se vinculará el objeto sin tener en cuenta información de depuración
allegro_monolith-static.lib(d3d_shader.obj) : warning LNK4099: no se encontró PDB 'allegro_monolith.pdb' con 'allegro_monolith-static.lib(d3d_shader.obj)' o en 'D:\Proyectos\TetrisAllegroCpp\Tetris AC++\TetrisACPP\Debug\allegro_monolith.pdb'; se vinculará el objeto sin tener en cuenta información de depuración
allegro_monolith-static.lib(d3d_d3dx9.obj) : warning LNK4099: no se encontró PDB 'allegro_monolith.pdb' con 'allegro_monolith-static.lib(d3d_d3dx9.obj)' o en 'D:\Proyectos\TetrisAllegroCpp\Tetris AC++\TetrisACPP\Debug\allegro_monolith.pdb'; se vinculará el objeto sin tener en cuenta información de depuración
allegro_monolith-static.lib(extensions.obj) : warning LNK4099: no se encontró PDB 'allegro_monolith.pdb' con 'allegro_monolith-static.lib(extensions.obj)' o en 'D:\Proyectos\TetrisAllegroCpp\Tetris AC++\TetrisACPP\Debug\allegro_monolith.pdb'; se vinculará el objeto sin tener en cuenta información de depuración
allegro_monolith-static.lib(ogl_bitmap.obj) : warning LNK4099: no se encontró PDB 'allegro_monolith.pdb' con 'allegro_monolith-static.lib(ogl_bitmap.obj)' o en 'D:\Proyectos\TetrisAllegroCpp\Tetris AC++\TetrisACPP\Debug\allegro_monolith.pdb'; se vinculará el objeto sin tener en cuenta información de depuración
allegro_monolith-static.lib(ogl_display.obj) : warning LNK4099: no se encontró PDB 'allegro_monolith.pdb' con 'allegro_monolith-static.lib(ogl_display.obj)' o en 'D:\Proyectos\TetrisAllegroCpp\Tetris AC++\TetrisACPP\Debug\allegro_monolith.pdb'; se vinculará el objeto sin tener en cuenta información de depuración
allegro_monolith-static.lib(ogl_draw.obj) : warning LNK4099: no se encontró PDB 'allegro_monolith.pdb' con 'allegro_monolith-static.lib(ogl_draw.obj)' o en 'D:\Proyectos\TetrisAllegroCpp\Tetris AC++\TetrisACPP\Debug\allegro_monolith.pdb'; se vinculará el objeto sin tener en cuenta información de depuración
allegro_monolith-static.lib(ogl_fbo.obj) : warning LNK4099: no se encontró PDB 'allegro_monolith.pdb' con 'allegro_monolith-static.lib(ogl_fbo.obj)' o en 'D:\Proyectos\TetrisAllegroCpp\Tetris AC++\TetrisACPP\Debug\allegro_monolith.pdb'; se vinculará el objeto sin tener en cuenta información de depuración
allegro_monolith-static.lib(ogl_lock.obj) : warning LNK4099: no se encontró PDB 'allegro_monolith.pdb' con 'allegro_monolith-static.lib(ogl_lock.obj)' o en 'D:\Proyectos\TetrisAllegroCpp\Tetris AC++\TetrisACPP\Debug\allegro_monolith.pdb'; se vinculará el objeto sin tener en cuenta información de depuración
allegro_monolith-static.lib(ogl_render_state.obj) : warning LNK4099: no se encontró PDB 'allegro_monolith.pdb' con 'allegro_monolith-static.lib(ogl_render_state.obj)' o en 'D:\Proyectos\TetrisAllegroCpp\Tetris AC++\TetrisACPP\Debug\allegro_monolith.pdb'; se vinculará el objeto sin tener en cuenta información de depuración
allegro_monolith-static.lib(ogl_shader.obj) : warning LNK4099: no se encontró PDB 'allegro_monolith.pdb' con 'allegro_monolith-static.lib(ogl_shader.obj)' o en 'D:\Proyectos\TetrisAllegroCpp\Tetris AC++\TetrisACPP\Debug\allegro_monolith.pdb'; se vinculará el objeto sin tener en cuenta información de depuración
allegro_monolith-static.lib(wgl_disp.obj) : warning LNK4099: no se encontró PDB 'allegro_monolith.pdb' con 'allegro_monolith-static.lib(wgl_disp.obj)' o en 'D:\Proyectos\TetrisAllegroCpp\Tetris AC++\TetrisACPP\Debug\allegro_monolith.pdb'; se vinculará el objeto sin tener en cuenta información de depuración
allegro_monolith-static.lib(line_soft.obj) : warning LNK4099: no se encontró PDB '' con 'allegro_monolith-static.lib(line_soft.obj)' o en ''; se vinculará el objeto sin tener en cuenta información de depuración
allegro_monolith-static.lib(point_soft.obj) : warning LNK4099: no se encontró PDB 'allegro_monolith.pdb' con 'allegro_monolith-static.lib(point_soft.obj)' o en 'D:\Proyectos\TetrisAllegroCpp\Tetris AC++\TetrisACPP\Debug\allegro_monolith.pdb'; se vinculará el objeto sin tener en cuenta información de depuración
allegro_monolith-static.lib(prim_directx.obj) : warning LNK4099: no se encontró PDB 'allegro_monolith.pdb' con 'allegro_monolith-static.lib(prim_directx.obj)' o en 'D:\Proyectos\TetrisAllegroCpp\Tetris AC++\TetrisACPP\Debug\allegro_monolith.pdb'; se vinculará el objeto sin tener en cuenta información de depuración
allegro_monolith-static.lib(prim_opengl.obj) : warning LNK4099: no se encontró PDB 'allegro_monolith.pdb' con 'allegro_monolith-static.lib(prim_opengl.obj)' o en 'D:\Proyectos\TetrisAllegroCpp\Tetris AC++\TetrisACPP\Debug\allegro_monolith.pdb'; se vinculará el objeto sin tener en cuenta información de depuración
allegro_monolith-static.lib(prim_soft.obj) : warning LNK4099: no se encontró PDB 'allegro_monolith.pdb' con 'allegro_monolith-static.lib(prim_soft.obj)' o en 'D:\Proyectos\TetrisAllegroCpp\Tetris AC++\TetrisACPP\Debug\allegro_monolith.pdb'; se vinculará el objeto sin tener en cuenta información de depuración
allegro_monolith-static.lib(primitives.obj) : warning LNK4099: no se encontró PDB 'allegro_monolith.pdb' con 'allegro_monolith-static.lib(primitives.obj)' o en 'D:\Proyectos\TetrisAllegroCpp\Tetris AC++\TetrisACPP\Debug\allegro_monolith.pdb'; se vinculará el objeto sin tener en cuenta información de depuración
allegro_monolith-static.lib(directx_shaders.obj) : warning LNK4099: no se encontró PDB 'allegro_monolith.pdb' con 'allegro_monolith-static.lib(directx_shaders.obj)' o en 'D:\Proyectos\TetrisAllegroCpp\Tetris AC++\TetrisACPP\Debug\allegro_monolith.pdb'; se vinculará el objeto sin tener en cuenta información de depuración
allegro_monolith-static.lib(bmp.obj) : warning LNK4099: no se encontró PDB 'allegro_monolith.pdb' con 'allegro_monolith-static.lib(bmp.obj)' o en 'D:\Proyectos\TetrisAllegroCpp\Tetris AC++\TetrisACPP\Debug\allegro_monolith.pdb'; se vinculará el objeto sin tener en cuenta información de depuración
allegro_monolith-static.lib(iio.obj) : warning LNK4099: no se encontró PDB 'allegro_monolith.pdb' con 'allegro_monolith-static.lib(iio.obj)' o en 'D:\Proyectos\TetrisAllegroCpp\Tetris AC++\TetrisACPP\Debug\allegro_monolith.pdb'; se vinculará el objeto sin tener en cuenta información de depuración
allegro_monolith-static.lib(pcx.obj) : warning LNK4099: no se encontró PDB 'allegro_monolith.pdb' con 'allegro_monolith-static.lib(pcx.obj)' o en 'D:\Proyectos\TetrisAllegroCpp\Tetris AC++\TetrisACPP\Debug\allegro_monolith.pdb'; se vinculará el objeto sin tener en cuenta información de depuración
allegro_monolith-static.lib(tga.obj) : warning LNK4099: no se encontró PDB 'allegro_monolith.pdb' con 'allegro_monolith-static.lib(tga.obj)' o en 'D:\Proyectos\TetrisAllegroCpp\Tetris AC++\TetrisACPP\Debug\allegro_monolith.pdb'; se vinculará el objeto sin tener en cuenta información de depuración
allegro_monolith-static.lib(dds.obj) : warning LNK4099: no se encontró PDB 'allegro_monolith.pdb' con 'allegro_monolith-static.lib(dds.obj)' o en 'D:\Proyectos\TetrisAllegroCpp\Tetris AC++\TetrisACPP\Debug\allegro_monolith.pdb'; se vinculará el objeto sin tener en cuenta información de depuración
allegro_monolith-static.lib(identify.obj) : warning LNK4099: no se encontró PDB 'allegro_monolith.pdb' con 'allegro_monolith-static.lib(identify.obj)' o en 'D:\Proyectos\TetrisAllegroCpp\Tetris AC++\TetrisACPP\Debug\allegro_monolith.pdb'; se vinculará el objeto sin tener en cuenta información de depuración
allegro_monolith-static.lib(png.obj) : warning LNK4099: no se encontró PDB 'allegro_monolith.pdb' con 'allegro_monolith-static.lib(png.obj)' o en 'D:\Proyectos\TetrisAllegroCpp\Tetris AC++\TetrisACPP\Debug\allegro_monolith.pdb'; se vinculará el objeto sin tener en cuenta información de depuración
allegro_monolith-static.lib(jpg.obj) : warning LNK4099: no se encontró PDB 'allegro_monolith.pdb' con 'allegro_monolith-static.lib(jpg.obj)' o en 'D:\Proyectos\TetrisAllegroCpp\Tetris AC++\TetrisACPP\Debug\allegro_monolith.pdb'; se vinculará el objeto sin tener en cuenta información de depuración
allegro_monolith-static.lib(webp.obj) : warning LNK4099: no se encontró PDB 'allegro_monolith.pdb' con 'allegro_monolith-static.lib(webp.obj)' o en 'D:\Proyectos\TetrisAllegroCpp\Tetris AC++\TetrisACPP\Debug\allegro_monolith.pdb'; se vinculará el objeto sin tener en cuenta información de depuración
allegro_monolith-static.lib(font.obj) : warning LNK4099: no se encontró PDB '' con 'allegro_monolith-static.lib(font.obj)' o en ''; se vinculará el objeto sin tener en cuenta información de depuración
allegro_monolith-static.lib(fontbmp.obj) : warning LNK4099: no se encontró PDB 'allegro_monolith.pdb' con 'allegro_monolith-static.lib(fontbmp.obj)' o en 'D:\Proyectos\TetrisAllegroCpp\Tetris AC++\TetrisACPP\Debug\allegro_monolith.pdb'; se vinculará el objeto sin tener en cuenta información de depuración
allegro_monolith-static.lib(text.obj) : warning LNK4099: no se encontró PDB '' con 'allegro_monolith-static.lib(text.obj)' o en ''; se vinculará el objeto sin tener en cuenta información de depuración
allegro_monolith-static.lib(bmfont.obj) : warning LNK4099: no se encontró PDB 'allegro_monolith.pdb' con 'allegro_monolith-static.lib(bmfont.obj)' o en 'D:\Proyectos\TetrisAllegroCpp\Tetris AC++\TetrisACPP\Debug\allegro_monolith.pdb'; se vinculará el objeto sin tener en cuenta información de depuración
allegro_monolith-static.lib(xml.obj) : warning LNK4099: no se encontró PDB 'allegro_monolith.pdb' con 'allegro_monolith-static.lib(xml.obj)' o en 'D:\Proyectos\TetrisAllegroCpp\Tetris AC++\TetrisACPP\Debug\allegro_monolith.pdb'; se vinculará el objeto sin tener en cuenta información de depuración
allegro_monolith-static.lib(ttf.obj) : warning LNK4099: no se encontró PDB 'allegro_monolith.pdb' con 'allegro_monolith-static.lib(ttf.obj)' o en 'D:\Proyectos\TetrisAllegroCpp\Tetris AC++\TetrisACPP\Debug\allegro_monolith.pdb'; se vinculará el objeto sin tener en cuenta información de depuración
allegro_monolith-static.lib(dialog.obj) : warning LNK4099: no se encontró PDB 'allegro_monolith.pdb' con 'allegro_monolith-static.lib(dialog.obj)' o en 'D:\Proyectos\TetrisAllegroCpp\Tetris AC++\TetrisACPP\Debug\allegro_monolith.pdb'; se vinculará el objeto sin tener en cuenta información de depuración
allegro_monolith-static.lib(menu.obj) : warning LNK4099: no se encontró PDB 'allegro_monolith.pdb' con 'allegro_monolith-static.lib(menu.obj)' o en 'D:\Proyectos\TetrisAllegroCpp\Tetris AC++\TetrisACPP\Debug\allegro_monolith.pdb'; se vinculará el objeto sin tener en cuenta información de depuración
allegro_monolith-static.lib(win_dialog.obj) : warning LNK4099: no se encontró PDB 'allegro_monolith.pdb' con 'allegro_monolith-static.lib(win_dialog.obj)' o en 'D:\Proyectos\TetrisAllegroCpp\Tetris AC++\TetrisACPP\Debug\allegro_monolith.pdb'; se vinculará el objeto sin tener en cuenta información de depuración
jpeg.lib(jcapimin.obj) : warning LNK4099: no se encontró PDB 'jpeg-static.pdb' con 'jpeg.lib(jcapimin.obj)' o en 'D:\Proyectos\TetrisAllegroCpp\Tetris AC++\TetrisACPP\Debug\jpeg-static.pdb'; se vinculará el objeto sin tener en cuenta información de depuración
jpeg.lib(jcapistd.obj) : warning LNK4099: no se encontró PDB 'jpeg-static.pdb' con 'jpeg.lib(jcapistd.obj)' o en 'D:\Proyectos\TetrisAllegroCpp\Tetris AC++\TetrisACPP\Debug\jpeg-static.pdb'; se vinculará el objeto sin tener en cuenta información de depuración
jpeg.lib(jccoefct.obj) : warning LNK4099: no se encontró PDB 'jpeg-static.pdb' con 'jpeg.lib(jccoefct.obj)' o en 'D:\Proyectos\TetrisAllegroCpp\Tetris AC++\TetrisACPP\Debug\jpeg-static.pdb'; se vinculará el objeto sin tener en cuenta información de depuración
jpeg.lib(jccolor.obj) : warning LNK4099: no se encontró PDB 'jpeg-static.pdb' con 'jpeg.lib(jccolor.obj)' o en 'D:\Proyectos\TetrisAllegroCpp\Tetris AC++\TetrisACPP\Debug\jpeg-static.pdb'; se vinculará el objeto sin tener en cuenta información de depuración
jpeg.lib(jcdctmgr.obj) : warning LNK4099: no se encontró PDB 'jpeg-static.pdb' con 'jpeg.lib(jcdctmgr.obj)' o en 'D:\Proyectos\TetrisAllegroCpp\Tetris AC++\TetrisACPP\Debug\jpeg-static.pdb'; se vinculará el objeto sin tener en cuenta información de depuración
jpeg.lib(jchuff.obj) : warning LNK4099: no se encontró PDB 'jpeg-static.pdb' con 'jpeg.lib(jchuff.obj)' o en 'D:\Proyectos\TetrisAllegroCpp\Tetris AC++\TetrisACPP\Debug\jpeg-static.pdb'; se vinculará el objeto sin tener en cuenta información de depuración
jpeg.lib(jcinit.obj) : warning LNK4099: no se encontró PDB 'jpeg-static.pdb' con 'jpeg.lib(jcinit.obj)' o en 'D:\Proyectos\TetrisAllegroCpp\Tetris AC++\TetrisACPP\Debug\jpeg-static.pdb'; se vinculará el objeto sin tener en cuenta información de depuración
jpeg.lib(jcmainct.obj) : warning LNK4099: no se encontró PDB 'jpeg-static.pdb' con 'jpeg.lib(jcmainct.obj)' o en 'D:\Proyectos\TetrisAllegroCpp\Tetris AC++\TetrisACPP\Debug\jpeg-static.pdb'; se vinculará el objeto sin tener en cuenta información de depuración
jpeg.lib(jcmarker.obj) : warning LNK4099: no se encontró PDB 'jpeg-static.pdb' con 'jpeg.lib(jcmarker.obj)' o en 'D:\Proyectos\TetrisAllegroCpp\Tetris AC++\TetrisACPP\Debug\jpeg-static.pdb'; se vinculará el objeto sin tener en cuenta información de depuración
jpeg.lib(jcmaster.obj) : warning LNK4099: no se encontró PDB 'jpeg-static.pdb' con 'jpeg.lib(jcmaster.obj)' o en 'D:\Proyectos\TetrisAllegroCpp\Tetris AC++\TetrisACPP\Debug\jpeg-static.pdb'; se vinculará el objeto sin tener en cuenta información de depuración
jpeg.lib(jcomapi.obj) : warning LNK4099: no se encontró PDB 'jpeg-static.pdb' con 'jpeg.lib(jcomapi.obj)' o en 'D:\Proyectos\TetrisAllegroCpp\Tetris AC++\TetrisACPP\Debug\jpeg-static.pdb'; se vinculará el objeto sin tener en cuenta información de depuración
jpeg.lib(jcparam.obj) : warning LNK4099: no se encontró PDB 'jpeg-static.pdb' con 'jpeg.lib(jcparam.obj)' o en 'D:\Proyectos\TetrisAllegroCpp\Tetris AC++\TetrisACPP\Debug\jpeg-static.pdb'; se vinculará el objeto sin tener en cuenta información de depuración
jpeg.lib(jcphuff.obj) : warning LNK4099: no se encontró PDB 'jpeg-static.pdb' con 'jpeg.lib(jcphuff.obj)' o en 'D:\Proyectos\TetrisAllegroCpp\Tetris AC++\TetrisACPP\Debug\jpeg-static.pdb'; se vinculará el objeto sin tener en cuenta información de depuración
jpeg.lib(jcprepct.obj) : warning LNK4099: no se encontró PDB 'jpeg-static.pdb' con 'jpeg.lib(jcprepct.obj)' o en 'D:\Proyectos\TetrisAllegroCpp\Tetris AC++\TetrisACPP\Debug\jpeg-static.pdb'; se vinculará el objeto sin tener en cuenta información de depuración
jpeg.lib(jcsample.obj) : warning LNK4099: no se encontró PDB 'jpeg-static.pdb' con 'jpeg.lib(jcsample.obj)' o en 'D:\Proyectos\TetrisAllegroCpp\Tetris AC++\TetrisACPP\Debug\jpeg-static.pdb'; se vinculará el objeto sin tener en cuenta información de depuración
jpeg.lib(jdapimin.obj) : warning LNK4099: no se encontró PDB 'jpeg-static.pdb' con 'jpeg.lib(jdapimin.obj)' o en 'D:\Proyectos\TetrisAllegroCpp\Tetris AC++\TetrisACPP\Debug\jpeg-static.pdb'; se vinculará el objeto sin tener en cuenta información de depuración
jpeg.lib(jdapistd.obj) : warning LNK4099: no se encontró PDB 'jpeg-static.pdb' con 'jpeg.lib(jdapistd.obj)' o en 'D:\Proyectos\TetrisAllegroCpp\Tetris AC++\TetrisACPP\Debug\jpeg-static.pdb'; se vinculará el objeto sin tener en cuenta información de depuración
jpeg.lib(jdcoefct.obj) : warning LNK4099: no se encontró PDB 'jpeg-static.pdb' con 'jpeg.lib(jdcoefct.obj)' o en 'D:\Proyectos\TetrisAllegroCpp\Tetris AC++\TetrisACPP\Debug\jpeg-static.pdb'; se vinculará el objeto sin tener en cuenta información de depuración
jpeg.lib(jdcolor.obj) : warning LNK4099: no se encontró PDB 'jpeg-static.pdb' con 'jpeg.lib(jdcolor.obj)' o en 'D:\Proyectos\TetrisAllegroCpp\Tetris AC++\TetrisACPP\Debug\jpeg-static.pdb'; se vinculará el objeto sin tener en cuenta información de depuración
jpeg.lib(jddctmgr.obj) : warning LNK4099: no se encontró PDB '' con 'jpeg.lib(jddctmgr.obj)' o en ''; se vinculará el objeto sin tener en cuenta información de depuración
jpeg.lib(jdhuff.obj) : warning LNK4099: no se encontró PDB 'jpeg-static.pdb' con 'jpeg.lib(jdhuff.obj)' o en 'D:\Proyectos\TetrisAllegroCpp\Tetris AC++\TetrisACPP\Debug\jpeg-static.pdb'; se vinculará el objeto sin tener en cuenta información de depuración
jpeg.lib(jdinput.obj) : warning LNK4099: no se encontró PDB 'jpeg-static.pdb' con 'jpeg.lib(jdinput.obj)' o en 'D:\Proyectos\TetrisAllegroCpp\Tetris AC++\TetrisACPP\Debug\jpeg-static.pdb'; se vinculará el objeto sin tener en cuenta información de depuración
jpeg.lib(jdmainct.obj) : warning LNK4099: no se encontró PDB 'jpeg-static.pdb' con 'jpeg.lib(jdmainct.obj)' o en 'D:\Proyectos\TetrisAllegroCpp\Tetris AC++\TetrisACPP\Debug\jpeg-static.pdb'; se vinculará el objeto sin tener en cuenta información de depuración
jpeg.lib(jdmarker.obj) : warning LNK4099: no se encontró PDB 'jpeg-static.pdb' con 'jpeg.lib(jdmarker.obj)' o en 'D:\Proyectos\TetrisAllegroCpp\Tetris AC++\TetrisACPP\Debug\jpeg-static.pdb'; se vinculará el objeto sin tener en cuenta información de depuración
jpeg.lib(jdmaster.obj) : warning LNK4099: no se encontró PDB 'jpeg-static.pdb' con 'jpeg.lib(jdmaster.obj)' o en 'D:\Proyectos\TetrisAllegroCpp\Tetris AC++\TetrisACPP\Debug\jpeg-static.pdb'; se vinculará el objeto sin tener en cuenta información de depuración
jpeg.lib(jdmerge.obj) : warning LNK4099: no se encontró PDB 'jpeg-static.pdb' con 'jpeg.lib(jdmerge.obj)' o en 'D:\Proyectos\TetrisAllegroCpp\Tetris AC++\TetrisACPP\Debug\jpeg-static.pdb'; se vinculará el objeto sin tener en cuenta información de depuración
jpeg.lib(jdphuff.obj) : warning LNK4099: no se encontró PDB '' con 'jpeg.lib(jdphuff.obj)' o en ''; se vinculará el objeto sin tener en cuenta información de depuración
jpeg.lib(jdpostct.obj) : warning LNK4099: no se encontró PDB 'jpeg-static.pdb' con 'jpeg.lib(jdpostct.obj)' o en 'D:\Proyectos\TetrisAllegroCpp\Tetris AC++\TetrisACPP\Debug\jpeg-static.pdb'; se vinculará el objeto sin tener en cuenta información de depuración
jpeg.lib(jdsample.obj) : warning LNK4099: no se encontró PDB 'jpeg-static.pdb' con 'jpeg.lib(jdsample.obj)' o en 'D:\Proyectos\TetrisAllegroCpp\Tetris AC++\TetrisACPP\Debug\jpeg-static.pdb'; se vinculará el objeto sin tener en cuenta información de depuración
jpeg.lib(jerror.obj) : warning LNK4099: no se encontró PDB 'jpeg-static.pdb' con 'jpeg.lib(jerror.obj)' o en 'D:\Proyectos\TetrisAllegroCpp\Tetris AC++\TetrisACPP\Debug\jpeg-static.pdb'; se vinculará el objeto sin tener en cuenta información de depuración
jpeg.lib(jfdctflt.obj) : warning LNK4099: no se encontró PDB 'jpeg-static.pdb' con 'jpeg.lib(jfdctflt.obj)' o en 'D:\Proyectos\TetrisAllegroCpp\Tetris AC++\TetrisACPP\Debug\jpeg-static.pdb'; se vinculará el objeto sin tener en cuenta información de depuración
jpeg.lib(jfdctfst.obj) : warning LNK4099: no se encontró PDB 'jpeg-static.pdb' con 'jpeg.lib(jfdctfst.obj)' o en 'D:\Proyectos\TetrisAllegroCpp\Tetris AC++\TetrisACPP\Debug\jpeg-static.pdb'; se vinculará el objeto sin tener en cuenta información de depuración
jpeg.lib(jfdctint.obj) : warning LNK4099: no se encontró PDB 'jpeg-static.pdb' con 'jpeg.lib(jfdctint.obj)' o en 'D:\Proyectos\TetrisAllegroCpp\Tetris AC++\TetrisACPP\Debug\jpeg-static.pdb'; se vinculará el objeto sin tener en cuenta información de depuración
jpeg.lib(jidctflt.obj) : warning LNK4099: no se encontró PDB 'jpeg-static.pdb' con 'jpeg.lib(jidctflt.obj)' o en 'D:\Proyectos\TetrisAllegroCpp\Tetris AC++\TetrisACPP\Debug\jpeg-static.pdb'; se vinculará el objeto sin tener en cuenta información de depuración
jpeg.lib(jidctfst.obj) : warning LNK4099: no se encontró PDB 'jpeg-static.pdb' con 'jpeg.lib(jidctfst.obj)' o en 'D:\Proyectos\TetrisAllegroCpp\Tetris AC++\TetrisACPP\Debug\jpeg-static.pdb'; se vinculará el objeto sin tener en cuenta información de depuración
jpeg.lib(jidctint.obj) : warning LNK4099: no se encontró PDB 'jpeg-static.pdb' con 'jpeg.lib(jidctint.obj)' o en 'D:\Proyectos\TetrisAllegroCpp\Tetris AC++\TetrisACPP\Debug\jpeg-static.pdb'; se vinculará el objeto sin tener en cuenta información de depuración
jpeg.lib(jidctred.obj) : warning LNK4099: no se encontró PDB 'jpeg-static.pdb' con 'jpeg.lib(jidctred.obj)' o en 'D:\Proyectos\TetrisAllegroCpp\Tetris AC++\TetrisACPP\Debug\jpeg-static.pdb'; se vinculará el objeto sin tener en cuenta información de depuración
jpeg.lib(jquant1.obj) : warning LNK4099: no se encontró PDB 'jpeg-static.pdb' con 'jpeg.lib(jquant1.obj)' o en 'D:\Proyectos\TetrisAllegroCpp\Tetris AC++\TetrisACPP\Debug\jpeg-static.pdb'; se vinculará el objeto sin tener en cuenta información de depuración
jpeg.lib(jquant2.obj) : warning LNK4099: no se encontró PDB 'jpeg-static.pdb' con 'jpeg.lib(jquant2.obj)' o en 'D:\Proyectos\TetrisAllegroCpp\Tetris AC++\TetrisACPP\Debug\jpeg-static.pdb'; se vinculará el objeto sin tener en cuenta información de depuración
jpeg.lib(jutils.obj) : warning LNK4099: no se encontró PDB 'jpeg-static.pdb' con 'jpeg.lib(jutils.obj)' o en 'D:\Proyectos\TetrisAllegroCpp\Tetris AC++\TetrisACPP\Debug\jpeg-static.pdb'; se vinculará el objeto sin tener en cuenta información de depuración
jpeg.lib(jmemmgr.obj) : warning LNK4099: no se encontró PDB 'jpeg-static.pdb' con 'jpeg.lib(jmemmgr.obj)' o en 'D:\Proyectos\TetrisAllegroCpp\Tetris AC++\TetrisACPP\Debug\jpeg-static.pdb'; se vinculará el objeto sin tener en cuenta información de depuración
jpeg.lib(jmemnobs.obj) : warning LNK4099: no se encontró PDB 'jpeg-static.pdb' con 'jpeg.lib(jmemnobs.obj)' o en 'D:\Proyectos\TetrisAllegroCpp\Tetris AC++\TetrisACPP\Debug\jpeg-static.pdb'; se vinculará el objeto sin tener en cuenta información de depuración
jpeg.lib(jaricom.obj) : warning LNK4099: no se encontró PDB 'jpeg-static.pdb' con 'jpeg.lib(jaricom.obj)' o en 'D:\Proyectos\TetrisAllegroCpp\Tetris AC++\TetrisACPP\Debug\jpeg-static.pdb'; se vinculará el objeto sin tener en cuenta información de depuración
jpeg.lib(jcarith.obj) : warning LNK4099: no se encontró PDB 'jpeg-static.pdb' con 'jpeg.lib(jcarith.obj)' o en 'D:\Proyectos\TetrisAllegroCpp\Tetris AC++\TetrisACPP\Debug\jpeg-static.pdb'; se vinculará el objeto sin tener en cuenta información de depuración
jpeg.lib(jdarith.obj) : warning LNK4099: no se encontró PDB 'jpeg-static.pdb' con 'jpeg.lib(jdarith.obj)' o en 'D:\Proyectos\TetrisAllegroCpp\Tetris AC++\TetrisACPP\Debug\jpeg-static.pdb'; se vinculará el objeto sin tener en cuenta información de depuración
jpeg.lib(jsimd.obj) : warning LNK4099: no se encontró PDB 'simd.pdb' con 'jpeg.lib(jsimd.obj)' o en 'D:\Proyectos\TetrisAllegroCpp\Tetris AC++\TetrisACPP\Debug\simd.pdb'; se vinculará el objeto sin tener en cuenta información de depuración
libpng16.lib(png.obj) : warning LNK4099: no se encontró PDB 'png_static.pdb' con 'libpng16.lib(png.obj)' o en 'D:\Proyectos\TetrisAllegroCpp\Tetris AC++\TetrisACPP\Debug\png_static.pdb'; se vinculará el objeto sin tener en cuenta información de depuración
libpng16.lib(pngerror.obj) : warning LNK4099: no se encontró PDB 'png_static.pdb' con 'libpng16.lib(pngerror.obj)' o en 'D:\Proyectos\TetrisAllegroCpp\Tetris AC++\TetrisACPP\Debug\png_static.pdb'; se vinculará el objeto sin tener en cuenta información de depuración
libpng16.lib(pngget.obj) : warning LNK4099: no se encontró PDB 'png_static.pdb' con 'libpng16.lib(pngget.obj)' o en 'D:\Proyectos\TetrisAllegroCpp\Tetris AC++\TetrisACPP\Debug\png_static.pdb'; se vinculará el objeto sin tener en cuenta información de depuración
libpng16.lib(pngmem.obj) : warning LNK4099: no se encontró PDB 'png_static.pdb' con 'libpng16.lib(pngmem.obj)' o en 'D:\Proyectos\TetrisAllegroCpp\Tetris AC++\TetrisACPP\Debug\png_static.pdb'; se vinculará el objeto sin tener en cuenta información de depuración
libpng16.lib(pngread.obj) : warning LNK4099: no se encontró PDB 'png_static.pdb' con 'libpng16.lib(pngread.obj)' o en 'D:\Proyectos\TetrisAllegroCpp\Tetris AC++\TetrisACPP\Debug\png_static.pdb'; se vinculará el objeto sin tener en cuenta información de depuración
libpng16.lib(pngrio.obj) : warning LNK4099: no se encontró PDB 'png_static.pdb' con 'libpng16.lib(pngrio.obj)' o en 'D:\Proyectos\TetrisAllegroCpp\Tetris AC++\TetrisACPP\Debug\png_static.pdb'; se vinculará el objeto sin tener en cuenta información de depuración
libpng16.lib(pngrtran.obj) : warning LNK4099: no se encontró PDB 'png_static.pdb' con 'libpng16.lib(pngrtran.obj)' o en 'D:\Proyectos\TetrisAllegroCpp\Tetris AC++\TetrisACPP\Debug\png_static.pdb'; se vinculará el objeto sin tener en cuenta información de depuración
libpng16.lib(pngrutil.obj) : warning LNK4099: no se encontró PDB 'png_static.pdb' con 'libpng16.lib(pngrutil.obj)' o en 'D:\Proyectos\TetrisAllegroCpp\Tetris AC++\TetrisACPP\Debug\png_static.pdb'; se vinculará el objeto sin tener en cuenta información de depuración
libpng16.lib(pngset.obj) : warning LNK4099: no se encontró PDB 'png_static.pdb' con 'libpng16.lib(pngset.obj)' o en 'D:\Proyectos\TetrisAllegroCpp\Tetris AC++\TetrisACPP\Debug\png_static.pdb'; se vinculará el objeto sin tener en cuenta información de depuración
libpng16.lib(pngtrans.obj) : warning LNK4099: no se encontró PDB 'png_static.pdb' con 'libpng16.lib(pngtrans.obj)' o en 'D:\Proyectos\TetrisAllegroCpp\Tetris AC++\TetrisACPP\Debug\png_static.pdb'; se vinculará el objeto sin tener en cuenta información de depuración
libpng16.lib(pngwio.obj) : warning LNK4099: no se encontró PDB 'png_static.pdb' con 'libpng16.lib(pngwio.obj)' o en 'D:\Proyectos\TetrisAllegroCpp\Tetris AC++\TetrisACPP\Debug\png_static.pdb'; se vinculará el objeto sin tener en cuenta información de depuración
libpng16.lib(pngwrite.obj) : warning LNK4099: no se encontró PDB 'png_static.pdb' con 'libpng16.lib(pngwrite.obj)' o en 'D:\Proyectos\TetrisAllegroCpp\Tetris AC++\TetrisACPP\Debug\png_static.pdb'; se vinculará el objeto sin tener en cuenta información de depuración
libpng16.lib(pngwtran.obj) : warning LNK4099: no se encontró PDB 'png_static.pdb' con 'libpng16.lib(pngwtran.obj)' o en 'D:\Proyectos\TetrisAllegroCpp\Tetris AC++\TetrisACPP\Debug\png_static.pdb'; se vinculará el objeto sin tener en cuenta información de depuración
libpng16.lib(pngwutil.obj) : warning LNK4099: no se encontró PDB 'png_static.pdb' con 'libpng16.lib(pngwutil.obj)' o en 'D:\Proyectos\TetrisAllegroCpp\Tetris AC++\TetrisACPP\Debug\png_static.pdb'; se vinculará el objeto sin tener en cuenta información de depuración
zlib.lib(adler32.obj) : warning LNK4099: no se encontró PDB 'zlib.pdb' con 'zlib.lib(adler32.obj)' o en 'D:\Proyectos\TetrisAllegroCpp\Tetris AC++\TetrisACPP\Debug\zlib.pdb'; se vinculará el objeto sin tener en cuenta información de depuración
zlib.lib(crc32.obj) : warning LNK4099: no se encontró PDB 'zlib.pdb' con 'zlib.lib(crc32.obj)' o en 'D:\Proyectos\TetrisAllegroCpp\Tetris AC++\TetrisACPP\Debug\zlib.pdb'; se vinculará el objeto sin tener en cuenta información de depuración
zlib.lib(deflate.obj) : warning LNK4099: no se encontró PDB 'zlib.pdb' con 'zlib.lib(deflate.obj)' o en 'D:\Proyectos\TetrisAllegroCpp\Tetris AC++\TetrisACPP\Debug\zlib.pdb'; se vinculará el objeto sin tener en cuenta información de depuración
zlib.lib(inflate.obj) : warning LNK4099: no se encontró PDB 'zlib.pdb' con 'zlib.lib(inflate.obj)' o en 'D:\Proyectos\TetrisAllegroCpp\Tetris AC++\TetrisACPP\Debug\zlib.pdb'; se vinculará el objeto sin tener en cuenta información de depuración
zlib.lib(inftrees.obj) : warning LNK4099: no se encontró PDB 'zlib.pdb' con 'zlib.lib(inftrees.obj)' o en 'D:\Proyectos\TetrisAllegroCpp\Tetris AC++\TetrisACPP\Debug\zlib.pdb'; se vinculará el objeto sin tener en cuenta información de depuración
zlib.lib(inffast.obj) : warning LNK4099: no se encontró PDB 'zlib.pdb' con 'zlib.lib(inffast.obj)' o en 'D:\Proyectos\TetrisAllegroCpp\Tetris AC++\TetrisACPP\Debug\zlib.pdb'; se vinculará el objeto sin tener en cuenta información de depuración
zlib.lib(trees.obj) : warning LNK4099: no se encontró PDB 'zlib.pdb' con 'zlib.lib(trees.obj)' o en 'D:\Proyectos\TetrisAllegroCpp\Tetris AC++\TetrisACPP\Debug\zlib.pdb'; se vinculará el objeto sin tener en cuenta información de depuración
zlib.lib(zutil.obj) : warning LNK4099: no se encontró PDB '' con 'zlib.lib(zutil.obj)' o en ''; se vinculará el objeto sin tener en cuenta información de depuración
webp.lib(alpha_dec.obj) : warning LNK4099: no se encontró PDB '' con 'webp.lib(alpha_dec.obj)' o en ''; se vinculará el objeto sin tener en cuenta información de depuración
webp.lib(buffer_dec.obj) : warning LNK4099: no se encontró PDB 'webpdecode.pdb' con 'webp.lib(buffer_dec.obj)' o en 'D:\Proyectos\TetrisAllegroCpp\Tetris AC++\TetrisACPP\Debug\webpdecode.pdb'; se vinculará el objeto sin tener en cuenta información de depuración
webp.lib(frame_dec.obj) : warning LNK4099: no se encontró PDB 'webpdecode.pdb' con 'webp.lib(frame_dec.obj)' o en 'D:\Proyectos\TetrisAllegroCpp\Tetris AC++\TetrisACPP\Debug\webpdecode.pdb'; se vinculará el objeto sin tener en cuenta información de depuración
webp.lib(io_dec.obj) : warning LNK4099: no se encontró PDB 'webpdecode.pdb' con 'webp.lib(io_dec.obj)' o en 'D:\Proyectos\TetrisAllegroCpp\Tetris AC++\TetrisACPP\Debug\webpdecode.pdb'; se vinculará el objeto sin tener en cuenta información de depuración
webp.lib(quant_dec.obj) : warning LNK4099: no se encontró PDB 'webpdecode.pdb' con 'webp.lib(quant_dec.obj)' o en 'D:\Proyectos\TetrisAllegroCpp\Tetris AC++\TetrisACPP\Debug\webpdecode.pdb'; se vinculará el objeto sin tener en cuenta información de depuración
webp.lib(tree_dec.obj) : warning LNK4099: no se encontró PDB 'webpdecode.pdb' con 'webp.lib(tree_dec.obj)' o en 'D:\Proyectos\TetrisAllegroCpp\Tetris AC++\TetrisACPP\Debug\webpdecode.pdb'; se vinculará el objeto sin tener en cuenta información de depuración
webp.lib(vp8_dec.obj) : warning LNK4099: no se encontró PDB '' con 'webp.lib(vp8_dec.obj)' o en ''; se vinculará el objeto sin tener en cuenta información de depuración
webp.lib(vp8l_dec.obj) : warning LNK4099: no se encontró PDB 'webpdecode.pdb' con 'webp.lib(vp8l_dec.obj)' o en 'D:\Proyectos\TetrisAllegroCpp\Tetris AC++\TetrisACPP\Debug\webpdecode.pdb'; se vinculará el objeto sin tener en cuenta información de depuración
webp.lib(webp_dec.obj) : warning LNK4099: no se encontró PDB 'webpdecode.pdb' con 'webp.lib(webp_dec.obj)' o en 'D:\Proyectos\TetrisAllegroCpp\Tetris AC++\TetrisACPP\Debug\webpdecode.pdb'; se vinculará el objeto sin tener en cuenta información de depuración
webp.lib(alpha_processing.obj) : warning LNK4099: no se encontró PDB 'webpdsp.pdb' con 'webp.lib(alpha_processing.obj)' o en 'D:\Proyectos\TetrisAllegroCpp\Tetris AC++\TetrisACPP\Debug\webpdsp.pdb'; se vinculará el objeto sin tener en cuenta información de depuración
webp.lib(cpu.obj) : warning LNK4099: no se encontró PDB 'webpdsp.pdb' con 'webp.lib(cpu.obj)' o en 'D:\Proyectos\TetrisAllegroCpp\Tetris AC++\TetrisACPP\Debug\webpdsp.pdb'; se vinculará el objeto sin tener en cuenta información de depuración
webp.lib(dec.obj) : warning LNK4099: no se encontró PDB 'webpdsp.pdb' con 'webp.lib(dec.obj)' o en 'D:\Proyectos\TetrisAllegroCpp\Tetris AC++\TetrisACPP\Debug\webpdsp.pdb'; se vinculará el objeto sin tener en cuenta información de depuración
webp.lib(dec_clip_tables.obj) : warning LNK4099: no se encontró PDB 'webpdsp.pdb' con 'webp.lib(dec_clip_tables.obj)' o en 'D:\Proyectos\TetrisAllegroCpp\Tetris AC++\TetrisACPP\Debug\webpdsp.pdb'; se vinculará el objeto sin tener en cuenta información de depuración
webp.lib(filters.obj) : warning LNK4099: no se encontró PDB 'webpdsp.pdb' con 'webp.lib(filters.obj)' o en 'D:\Proyectos\TetrisAllegroCpp\Tetris AC++\TetrisACPP\Debug\webpdsp.pdb'; se vinculará el objeto sin tener en cuenta información de depuración
webp.lib(lossless.obj) : warning LNK4099: no se encontró PDB 'webpdsp.pdb' con 'webp.lib(lossless.obj)' o en 'D:\Proyectos\TetrisAllegroCpp\Tetris AC++\TetrisACPP\Debug\webpdsp.pdb'; se vinculará el objeto sin tener en cuenta información de depuración
webp.lib(rescaler.obj) : warning LNK4099: no se encontró PDB 'webpdsp.pdb' con 'webp.lib(rescaler.obj)' o en 'D:\Proyectos\TetrisAllegroCpp\Tetris AC++\TetrisACPP\Debug\webpdsp.pdb'; se vinculará el objeto sin tener en cuenta información de depuración
webp.lib(upsampling.obj) : warning LNK4099: no se encontró PDB 'webpdsp.pdb' con 'webp.lib(upsampling.obj)' o en 'D:\Proyectos\TetrisAllegroCpp\Tetris AC++\TetrisACPP\Debug\webpdsp.pdb'; se vinculará el objeto sin tener en cuenta información de depuración
webp.lib(yuv.obj) : warning LNK4099: no se encontró PDB 'webpdsp.pdb' con 'webp.lib(yuv.obj)' o en 'D:\Proyectos\TetrisAllegroCpp\Tetris AC++\TetrisACPP\Debug\webpdsp.pdb'; se vinculará el objeto sin tener en cuenta información de depuración
webp.lib(alpha_processing_sse41.obj) : warning LNK4099: no se encontró PDB 'webpdsp.pdb' con 'webp.lib(alpha_processing_sse41.obj)' o en 'D:\Proyectos\TetrisAllegroCpp\Tetris AC++\TetrisACPP\Debug\webpdsp.pdb'; se vinculará el objeto sin tener en cuenta información de depuración
webp.lib(dec_sse41.obj) : warning LNK4099: no se encontró PDB 'webpdsp.pdb' con 'webp.lib(dec_sse41.obj)' o en 'D:\Proyectos\TetrisAllegroCpp\Tetris AC++\TetrisACPP\Debug\webpdsp.pdb'; se vinculará el objeto sin tener en cuenta información de depuración
webp.lib(upsampling_sse41.obj) : warning LNK4099: no se encontró PDB 'webpdsp.pdb' con 'webp.lib(upsampling_sse41.obj)' o en 'D:\Proyectos\TetrisAllegroCpp\Tetris AC++\TetrisACPP\Debug\webpdsp.pdb'; se vinculará el objeto sin tener en cuenta información de depuración
webp.lib(yuv_sse41.obj) : warning LNK4099: no se encontró PDB 'webpdsp.pdb' con 'webp.lib(yuv_sse41.obj)' o en 'D:\Proyectos\TetrisAllegroCpp\Tetris AC++\TetrisACPP\Debug\webpdsp.pdb'; se vinculará el objeto sin tener en cuenta información de depuración
webp.lib(alpha_processing_sse2.obj) : warning LNK4099: no se encontró PDB 'webpdsp.pdb' con 'webp.lib(alpha_processing_sse2.obj)' o en 'D:\Proyectos\TetrisAllegroCpp\Tetris AC++\TetrisACPP\Debug\webpdsp.pdb'; se vinculará el objeto sin tener en cuenta información de depuración
webp.lib(dec_sse2.obj) : warning LNK4099: no se encontró PDB '' con 'webp.lib(dec_sse2.obj)' o en ''; se vinculará el objeto sin tener en cuenta información de depuración
webp.lib(filters_sse2.obj) : warning LNK4099: no se encontró PDB '' con 'webp.lib(filters_sse2.obj)' o en ''; se vinculará el objeto sin tener en cuenta información de depuración
webp.lib(lossless_sse2.obj) : warning LNK4099: no se encontró PDB 'webpdsp.pdb' con 'webp.lib(lossless_sse2.obj)' o en 'D:\Proyectos\TetrisAllegroCpp\Tetris AC++\TetrisACPP\Debug\webpdsp.pdb'; se vinculará el objeto sin tener en cuenta información de depuración
webp.lib(rescaler_sse2.obj) : warning LNK4099: no se encontró PDB 'webpdsp.pdb' con 'webp.lib(rescaler_sse2.obj)' o en 'D:\Proyectos\TetrisAllegroCpp\Tetris AC++\TetrisACPP\Debug\webpdsp.pdb'; se vinculará el objeto sin tener en cuenta información de depuración
webp.lib(upsampling_sse2.obj) : warning LNK4099: no se encontró PDB 'webpdsp.pdb' con 'webp.lib(upsampling_sse2.obj)' o en 'D:\Proyectos\TetrisAllegroCpp\Tetris AC++\TetrisACPP\Debug\webpdsp.pdb'; se vinculará el objeto sin tener en cuenta información de depuración
webp.lib(yuv_sse2.obj) : warning LNK4099: no se encontró PDB 'webpdsp.pdb' con 'webp.lib(yuv_sse2.obj)' o en 'D:\Proyectos\TetrisAllegroCpp\Tetris AC++\TetrisACPP\Debug\webpdsp.pdb'; se vinculará el objeto sin tener en cuenta información de depuración
webp.lib(cost.obj) : warning LNK4099: no se encontró PDB 'webpdsp.pdb' con 'webp.lib(cost.obj)' o en 'D:\Proyectos\TetrisAllegroCpp\Tetris AC++\TetrisACPP\Debug\webpdsp.pdb'; se vinculará el objeto sin tener en cuenta información de depuración
webp.lib(enc.obj) : warning LNK4099: no se encontró PDB 'webpdsp.pdb' con 'webp.lib(enc.obj)' o en 'D:\Proyectos\TetrisAllegroCpp\Tetris AC++\TetrisACPP\Debug\webpdsp.pdb'; se vinculará el objeto sin tener en cuenta información de depuración
webp.lib(lossless_enc.obj) : warning LNK4099: no se encontró PDB 'webpdsp.pdb' con 'webp.lib(lossless_enc.obj)' o en 'D:\Proyectos\TetrisAllegroCpp\Tetris AC++\TetrisACPP\Debug\webpdsp.pdb'; se vinculará el objeto sin tener en cuenta información de depuración
webp.lib(ssim.obj) : warning LNK4099: no se encontró PDB 'webpdsp.pdb' con 'webp.lib(ssim.obj)' o en 'D:\Proyectos\TetrisAllegroCpp\Tetris AC++\TetrisACPP\Debug\webpdsp.pdb'; se vinculará el objeto sin tener en cuenta información de depuración
webp.lib(cost_sse2.obj) : warning LNK4099: no se encontró PDB 'webpdsp.pdb' con 'webp.lib(cost_sse2.obj)' o en 'D:\Proyectos\TetrisAllegroCpp\Tetris AC++\TetrisACPP\Debug\webpdsp.pdb'; se vinculará el objeto sin tener en cuenta información de depuración
webp.lib(enc_sse2.obj) : warning LNK4099: no se encontró PDB 'webpdsp.pdb' con 'webp.lib(enc_sse2.obj)' o en 'D:\Proyectos\TetrisAllegroCpp\Tetris AC++\TetrisACPP\Debug\webpdsp.pdb'; se vinculará el objeto sin tener en cuenta información de depuración
webp.lib(lossless_enc_sse2.obj) : warning LNK4099: no se encontró PDB 'webpdsp.pdb' con 'webp.lib(lossless_enc_sse2.obj)' o en 'D:\Proyectos\TetrisAllegroCpp\Tetris AC++\TetrisACPP\Debug\webpdsp.pdb'; se vinculará el objeto sin tener en cuenta información de depuración
webp.lib(ssim_sse2.obj) : warning LNK4099: no se encontró PDB 'webpdsp.pdb' con 'webp.lib(ssim_sse2.obj)' o en 'D:\Proyectos\TetrisAllegroCpp\Tetris AC++\TetrisACPP\Debug\webpdsp.pdb'; se vinculará el objeto sin tener en cuenta información de depuración
webp.lib(enc_sse41.obj) : warning LNK4099: no se encontró PDB 'webpdsp.pdb' con 'webp.lib(enc_sse41.obj)' o en 'D:\Proyectos\TetrisAllegroCpp\Tetris AC++\TetrisACPP\Debug\webpdsp.pdb'; se vinculará el objeto sin tener en cuenta información de depuración
webp.lib(lossless_enc_sse41.obj) : warning LNK4099: no se encontró PDB 'webpdsp.pdb' con 'webp.lib(lossless_enc_sse41.obj)' o en 'D:\Proyectos\TetrisAllegroCpp\Tetris AC++\TetrisACPP\Debug\webpdsp.pdb'; se vinculará el objeto sin tener en cuenta información de depuración
webp.lib(alpha_enc.obj) : warning LNK4099: no se encontró PDB 'webpencode.pdb' con 'webp.lib(alpha_enc.obj)' o en 'D:\Proyectos\TetrisAllegroCpp\Tetris AC++\TetrisACPP\Debug\webpencode.pdb'; se vinculará el objeto sin tener en cuenta información de depuración
webp.lib(analysis_enc.obj) : warning LNK4099: no se encontró PDB 'webpencode.pdb' con 'webp.lib(analysis_enc.obj)' o en 'D:\Proyectos\TetrisAllegroCpp\Tetris AC++\TetrisACPP\Debug\webpencode.pdb'; se vinculará el objeto sin tener en cuenta información de depuración
webp.lib(backward_references_cost_enc.obj) : warning LNK4099: no se encontró PDB 'webpencode.pdb' con 'webp.lib(backward_references_cost_enc.obj)' o en 'D:\Proyectos\TetrisAllegroCpp\Tetris AC++\TetrisACPP\Debug\webpencode.pdb'; se vinculará el objeto sin tener en cuenta información de depuración
webp.lib(backward_references_enc.obj) : warning LNK4099: no se encontró PDB 'webpencode.pdb' con 'webp.lib(backward_references_enc.obj)' o en 'D:\Proyectos\TetrisAllegroCpp\Tetris AC++\TetrisACPP\Debug\webpencode.pdb'; se vinculará el objeto sin tener en cuenta información de depuración
webp.lib(config_enc.obj) : warning LNK4099: no se encontró PDB 'webpencode.pdb' con 'webp.lib(config_enc.obj)' o en 'D:\Proyectos\TetrisAllegroCpp\Tetris AC++\TetrisACPP\Debug\webpencode.pdb'; se vinculará el objeto sin tener en cuenta información de depuración
webp.lib(cost_enc.obj) : warning LNK4099: no se encontró PDB 'webpencode.pdb' con 'webp.lib(cost_enc.obj)' o en 'D:\Proyectos\TetrisAllegroCpp\Tetris AC++\TetrisACPP\Debug\webpencode.pdb'; se vinculará el objeto sin tener en cuenta información de depuración
webp.lib(filter_enc.obj) : warning LNK4099: no se encontró PDB 'webpencode.pdb' con 'webp.lib(filter_enc.obj)' o en 'D:\Proyectos\TetrisAllegroCpp\Tetris AC++\TetrisACPP\Debug\webpencode.pdb'; se vinculará el objeto sin tener en cuenta información de depuración
webp.lib(frame_enc.obj) : warning LNK4099: no se encontró PDB 'webpencode.pdb' con 'webp.lib(frame_enc.obj)' o en 'D:\Proyectos\TetrisAllegroCpp\Tetris AC++\TetrisACPP\Debug\webpencode.pdb'; se vinculará el objeto sin tener en cuenta información de depuración
webp.lib(histogram_enc.obj) : warning LNK4099: no se encontró PDB 'webpencode.pdb' con 'webp.lib(histogram_enc.obj)' o en 'D:\Proyectos\TetrisAllegroCpp\Tetris AC++\TetrisACPP\Debug\webpencode.pdb'; se vinculará el objeto sin tener en cuenta información de depuración
webp.lib(iterator_enc.obj) : warning LNK4099: no se encontró PDB '' con 'webp.lib(iterator_enc.obj)' o en ''; se vinculará el objeto sin tener en cuenta información de depuración
webp.lib(near_lossless_enc.obj) : warning LNK4099: no se encontró PDB '' con 'webp.lib(near_lossless_enc.obj)' o en ''; se vinculará el objeto sin tener en cuenta información de depuración
webp.lib(picture_enc.obj) : warning LNK4099: no se encontró PDB '' con 'webp.lib(picture_enc.obj)' o en ''; se vinculará el objeto sin tener en cuenta información de depuración
webp.lib(picture_csp_enc.obj) : warning LNK4099: no se encontró PDB 'webpencode.pdb' con 'webp.lib(picture_csp_enc.obj)' o en 'D:\Proyectos\TetrisAllegroCpp\Tetris AC++\TetrisACPP\Debug\webpencode.pdb'; se vinculará el objeto sin tener en cuenta información de depuración
webp.lib(picture_tools_enc.obj) : warning LNK4099: no se encontró PDB '' con 'webp.lib(picture_tools_enc.obj)' o en ''; se vinculará el objeto sin tener en cuenta información de depuración
webp.lib(predictor_enc.obj) : warning LNK4099: no se encontró PDB '' con 'webp.lib(predictor_enc.obj)' o en ''; se vinculará el objeto sin tener en cuenta información de depuración
webp.lib(quant_enc.obj) : warning LNK4099: no se encontró PDB 'webpencode.pdb' con 'webp.lib(quant_enc.obj)' o en 'D:\Proyectos\TetrisAllegroCpp\Tetris AC++\TetrisACPP\Debug\webpencode.pdb'; se vinculará el objeto sin tener en cuenta información de depuración
webp.lib(syntax_enc.obj) : warning LNK4099: no se encontró PDB 'webpencode.pdb' con 'webp.lib(syntax_enc.obj)' o en 'D:\Proyectos\TetrisAllegroCpp\Tetris AC++\TetrisACPP\Debug\webpencode.pdb'; se vinculará el objeto sin tener en cuenta información de depuración
webp.lib(token_enc.obj) : warning LNK4099: no se encontró PDB 'webpencode.pdb' con 'webp.lib(token_enc.obj)' o en 'D:\Proyectos\TetrisAllegroCpp\Tetris AC++\TetrisACPP\Debug\webpencode.pdb'; se vinculará el objeto sin tener en cuenta información de depuración
webp.lib(tree_enc.obj) : warning LNK4099: no se encontró PDB 'webpencode.pdb' con 'webp.lib(tree_enc.obj)' o en 'D:\Proyectos\TetrisAllegroCpp\Tetris AC++\TetrisACPP\Debug\webpencode.pdb'; se vinculará el objeto sin tener en cuenta información de depuración
webp.lib(vp8l_enc.obj) : warning LNK4099: no se encontró PDB 'webpencode.pdb' con 'webp.lib(vp8l_enc.obj)' o en 'D:\Proyectos\TetrisAllegroCpp\Tetris AC++\TetrisACPP\Debug\webpencode.pdb'; se vinculará el objeto sin tener en cuenta información de depuración
webp.lib(webp_enc.obj) : warning LNK4099: no se encontró PDB 'webpencode.pdb' con 'webp.lib(webp_enc.obj)' o en 'D:\Proyectos\TetrisAllegroCpp\Tetris AC++\TetrisACPP\Debug\webpencode.pdb'; se vinculará el objeto sin tener en cuenta información de depuración
webp.lib(bit_reader_utils.obj) : warning LNK4099: no se encontró PDB 'webputils.pdb' con 'webp.lib(bit_reader_utils.obj)' o en 'D:\Proyectos\TetrisAllegroCpp\Tetris AC++\TetrisACPP\Debug\webputils.pdb'; se vinculará el objeto sin tener en cuenta información de depuración
webp.lib(color_cache_utils.obj) : warning LNK4099: no se encontró PDB 'webputils.pdb' con 'webp.lib(color_cache_utils.obj)' o en 'D:\Proyectos\TetrisAllegroCpp\Tetris AC++\TetrisACPP\Debug\webputils.pdb'; se vinculará el objeto sin tener en cuenta información de depuración
webp.lib(filters_utils.obj) : warning LNK4099: no se encontró PDB 'webputils.pdb' con 'webp.lib(filters_utils.obj)' o en 'D:\Proyectos\TetrisAllegroCpp\Tetris AC++\TetrisACPP\Debug\webputils.pdb'; se vinculará el objeto sin tener en cuenta información de depuración
webp.lib(huffman_utils.obj) : warning LNK4099: no se encontró PDB 'webputils.pdb' con 'webp.lib(huffman_utils.obj)' o en 'D:\Proyectos\TetrisAllegroCpp\Tetris AC++\TetrisACPP\Debug\webputils.pdb'; se vinculará el objeto sin tener en cuenta información de depuración
webp.lib(quant_levels_dec_utils.obj) : warning LNK4099: no se encontró PDB 'webputils.pdb' con 'webp.lib(quant_levels_dec_utils.obj)' o en 'D:\Proyectos\TetrisAllegroCpp\Tetris AC++\TetrisACPP\Debug\webputils.pdb'; se vinculará el objeto sin tener en cuenta información de depuración
webp.lib(rescaler_utils.obj) : warning LNK4099: no se encontró PDB 'webputils.pdb' con 'webp.lib(rescaler_utils.obj)' o en 'D:\Proyectos\TetrisAllegroCpp\Tetris AC++\TetrisACPP\Debug\webputils.pdb'; se vinculará el objeto sin tener en cuenta información de depuración
webp.lib(random_utils.obj) : warning LNK4099: no se encontró PDB 'webputils.pdb' con 'webp.lib(random_utils.obj)' o en 'D:\Proyectos\TetrisAllegroCpp\Tetris AC++\TetrisACPP\Debug\webputils.pdb'; se vinculará el objeto sin tener en cuenta información de depuración
webp.lib(thread_utils.obj) : warning LNK4099: no se encontró PDB 'webputils.pdb' con 'webp.lib(thread_utils.obj)' o en 'D:\Proyectos\TetrisAllegroCpp\Tetris AC++\TetrisACPP\Debug\webputils.pdb'; se vinculará el objeto sin tener en cuenta información de depuración
webp.lib(utils.obj) : warning LNK4099: no se encontró PDB 'webputils.pdb' con 'webp.lib(utils.obj)' o en 'D:\Proyectos\TetrisAllegroCpp\Tetris AC++\TetrisACPP\Debug\webputils.pdb'; se vinculará el objeto sin tener en cuenta información de depuración
webp.lib(bit_writer_utils.obj) : warning LNK4099: no se encontró PDB 'webputils.pdb' con 'webp.lib(bit_writer_utils.obj)' o en 'D:\Proyectos\TetrisAllegroCpp\Tetris AC++\TetrisACPP\Debug\webputils.pdb'; se vinculará el objeto sin tener en cuenta información de depuración
webp.lib(huffman_encode_utils.obj) : warning LNK4099: no se encontró PDB 'webputils.pdb' con 'webp.lib(huffman_encode_utils.obj)' o en 'D:\Proyectos\TetrisAllegroCpp\Tetris AC++\TetrisACPP\Debug\webputils.pdb'; se vinculará el objeto sin tener en cuenta información de depuración
webp.lib(quant_levels_utils.obj) : warning LNK4099: no se encontró PDB 'webputils.pdb' con 'webp.lib(quant_levels_utils.obj)' o en 'D:\Proyectos\TetrisAllegroCpp\Tetris AC++\TetrisACPP\Debug\webputils.pdb'; se vinculará el objeto sin tener en cuenta información de depuración
freetype.lib(autofit.obj) : warning LNK4099: no se encontró PDB 'freetype.pdb' con 'freetype.lib(autofit.obj)' o en 'D:\Proyectos\TetrisAllegroCpp\Tetris AC++\TetrisACPP\Debug\freetype.pdb'; se vinculará el objeto sin tener en cuenta información de depuración
freetype.lib(ftbase.obj) : warning LNK4099: no se encontró PDB 'freetype.pdb' con 'freetype.lib(ftbase.obj)' o en 'D:\Proyectos\TetrisAllegroCpp\Tetris AC++\TetrisACPP\Debug\freetype.pdb'; se vinculará el objeto sin tener en cuenta información de depuración
freetype.lib(ftbitmap.obj) : warning LNK4099: no se encontró PDB 'freetype.pdb' con 'freetype.lib(ftbitmap.obj)' o en 'D:\Proyectos\TetrisAllegroCpp\Tetris AC++\TetrisACPP\Debug\freetype.pdb'; se vinculará el objeto sin tener en cuenta información de depuración
freetype.lib(ftinit.obj) : warning LNK4099: no se encontró PDB 'freetype.pdb' con 'freetype.lib(ftinit.obj)' o en 'D:\Proyectos\TetrisAllegroCpp\Tetris AC++\TetrisACPP\Debug\freetype.pdb'; se vinculará el objeto sin tener en cuenta información de depuración
freetype.lib(ftsystem.obj) : warning LNK4099: no se encontró PDB 'freetype.pdb' con 'freetype.lib(ftsystem.obj)' o en 'D:\Proyectos\TetrisAllegroCpp\Tetris AC++\TetrisACPP\Debug\freetype.pdb'; se vinculará el objeto sin tener en cuenta información de depuración
freetype.lib(bdf.obj) : warning LNK4099: no se encontró PDB 'freetype.pdb' con 'freetype.lib(bdf.obj)' o en 'D:\Proyectos\TetrisAllegroCpp\Tetris AC++\TetrisACPP\Debug\freetype.pdb'; se vinculará el objeto sin tener en cuenta información de depuración
freetype.lib(cff.obj) : warning LNK4099: no se encontró PDB 'freetype.pdb' con 'freetype.lib(cff.obj)' o en 'D:\Proyectos\TetrisAllegroCpp\Tetris AC++\TetrisACPP\Debug\freetype.pdb'; se vinculará el objeto sin tener en cuenta información de depuración
freetype.lib(type1cid.obj) : warning LNK4099: no se encontró PDB 'freetype.pdb' con 'freetype.lib(type1cid.obj)' o en 'D:\Proyectos\TetrisAllegroCpp\Tetris AC++\TetrisACPP\Debug\freetype.pdb'; se vinculará el objeto sin tener en cuenta información de depuración
freetype.lib(ftgzip.obj) : warning LNK4099: no se encontró PDB 'freetype.pdb' con 'freetype.lib(ftgzip.obj)' o en 'D:\Proyectos\TetrisAllegroCpp\Tetris AC++\TetrisACPP\Debug\freetype.pdb'; se vinculará el objeto sin tener en cuenta información de depuración
freetype.lib(ftlzw.obj) : warning LNK4099: no se encontró PDB 'freetype.pdb' con 'freetype.lib(ftlzw.obj)' o en 'D:\Proyectos\TetrisAllegroCpp\Tetris AC++\TetrisACPP\Debug\freetype.pdb'; se vinculará el objeto sin tener en cuenta información de depuración
freetype.lib(pcf.obj) : warning LNK4099: no se encontró PDB 'freetype.pdb' con 'freetype.lib(pcf.obj)' o en 'D:\Proyectos\TetrisAllegroCpp\Tetris AC++\TetrisACPP\Debug\freetype.pdb'; se vinculará el objeto sin tener en cuenta información de depuración
freetype.lib(pfr.obj) : warning LNK4099: no se encontró PDB 'freetype.pdb' con 'freetype.lib(pfr.obj)' o en 'D:\Proyectos\TetrisAllegroCpp\Tetris AC++\TetrisACPP\Debug\freetype.pdb'; se vinculará el objeto sin tener en cuenta información de depuración
freetype.lib(psaux.obj) : warning LNK4099: no se encontró PDB 'freetype.pdb' con 'freetype.lib(psaux.obj)' o en 'D:\Proyectos\TetrisAllegroCpp\Tetris AC++\TetrisACPP\Debug\freetype.pdb'; se vinculará el objeto sin tener en cuenta información de depuración
freetype.lib(pshinter.obj) : warning LNK4099: no se encontró PDB 'freetype.pdb' con 'freetype.lib(pshinter.obj)' o en 'D:\Proyectos\TetrisAllegroCpp\Tetris AC++\TetrisACPP\Debug\freetype.pdb'; se vinculará el objeto sin tener en cuenta información de depuración
freetype.lib(psnames.obj) : warning LNK4099: no se encontró PDB 'freetype.pdb' con 'freetype.lib(psnames.obj)' o en 'D:\Proyectos\TetrisAllegroCpp\Tetris AC++\TetrisACPP\Debug\freetype.pdb'; se vinculará el objeto sin tener en cuenta información de depuración
freetype.lib(raster.obj) : warning LNK4099: no se encontró PDB 'freetype.pdb' con 'freetype.lib(raster.obj)' o en 'D:\Proyectos\TetrisAllegroCpp\Tetris AC++\TetrisACPP\Debug\freetype.pdb'; se vinculará el objeto sin tener en cuenta información de depuración
freetype.lib(sfnt.obj) : warning LNK4099: no se encontró PDB 'freetype.pdb' con 'freetype.lib(sfnt.obj)' o en 'D:\Proyectos\TetrisAllegroCpp\Tetris AC++\TetrisACPP\Debug\freetype.pdb'; se vinculará el objeto sin tener en cuenta información de depuración
freetype.lib(smooth.obj) : warning LNK4099: no se encontró PDB 'freetype.pdb' con 'freetype.lib(smooth.obj)' o en 'D:\Proyectos\TetrisAllegroCpp\Tetris AC++\TetrisACPP\Debug\freetype.pdb'; se vinculará el objeto sin tener en cuenta información de depuración
freetype.lib(truetype.obj) : warning LNK4099: no se encontró PDB 'freetype.pdb' con 'freetype.lib(truetype.obj)' o en 'D:\Proyectos\TetrisAllegroCpp\Tetris AC++\TetrisACPP\Debug\freetype.pdb'; se vinculará el objeto sin tener en cuenta información de depuración
freetype.lib(type1.obj) : warning LNK4099: no se encontró PDB 'freetype.pdb' con 'freetype.lib(type1.obj)' o en 'D:\Proyectos\TetrisAllegroCpp\Tetris AC++\TetrisACPP\Debug\freetype.pdb'; se vinculará el objeto sin tener en cuenta información de depuración
freetype.lib(type42.obj) : warning LNK4099: no se encontró PDB 'freetype.pdb' con 'freetype.lib(type42.obj)' o en 'D:\Proyectos\TetrisAllegroCpp\Tetris AC++\TetrisACPP\Debug\freetype.pdb'; se vinculará el objeto sin tener en cuenta información de depuración
freetype.lib(winfnt.obj) : warning LNK4099: no se encontró PDB 'freetype.pdb' con 'freetype.lib(winfnt.obj)' o en 'D:\Proyectos\TetrisAllegroCpp\Tetris AC++\TetrisACPP\Debug\freetype.pdb'; se vinculará el objeto sin tener en cuenta información de depuración
  TetrisACPP.vcxproj -> D:\Proyectos\TetrisAllegroCpp\Tetris AC++\TetrisACPP\Debug\TetrisACPP.exe
